app/build/outputs/logs/manifest-merger-debug-report.txt
-- Merging decision tree log ---
manifest
ADDED from src\main\AndroidManifest.xml:2:1-65:12
	package
		ADDED from src\main\AndroidManifest.xml:3:5-28
		INJECTED from src\main\AndroidManifest.xml
		INJECTED from src\main\AndroidManifest.xml
	android:versionName
		ADDED from src\main\AndroidManifest.xml:5:5-30
	android:versionCode
		ADDED from src\main\AndroidManifest.xml:4:5-28
		INJECTED from src\main\AndroidManifest.xml
		INJECTED from src\main\AndroidManifest.xml
	xmlns:android
		ADDED from src\main\AndroidManifest.xml:2:11-69
uses-sdk
ADDED from src\main\AndroidManifest.xml:7:5-9:41
MERGED from [com.android.support:support-v4:23.1.1] AndroidManifest.xml:20:5-43
	android:targetSdkVersion
		ADDED from src\main\AndroidManifest.xml:9:9-38
		INJECTED from src\main\AndroidManifest.xml
		INJECTED from src\main\AndroidManifest.xml
	android:minSdkVersion
		ADDED from src\main\AndroidManifest.xml:8:9-34
		INJECTED from src\main\AndroidManifest.xml
		INJECTED from src\main\AndroidManifest.xml
uses-permission#android.permission.INTERNET
ADDED from src\main\AndroidManifest.xml:11:5-67
	android:name
		ADDED from src\main\AndroidManifest.xml:11:22-64
uses-permission#android.permission.RECORD_AUDIO
ADDED from src\main\AndroidManifest.xml:12:5-71
	android:name
		ADDED from src\main\AndroidManifest.xml:12:22-68
uses-permission#android.permission.ACCESS_NETWORK_STATE
ADDED from src\main\AndroidManifest.xml:13:5-79
	android:name
		ADDED from src\main\AndroidManifest.xml:13:22-76
uses-permission#android.permission.CHANGE_NETWORK_STATE
ADDED from src\main\AndroidManifest.xml:14:5-15:23
	android:name
		ADDED from src\main\AndroidManifest.xml:14:22-76
uses-permission#android.permission.ACCESS_WIFI_STATE
ADDED from src\main\AndroidManifest.xml:16:5-17:23
	android:name
		ADDED from src\main\AndroidManifest.xml:16:22-73
uses-permission#android.permission.CHANGE_WIFI_STATE
ADDED from src\main\AndroidManifest.xml:18:5-19:23
	android:name
		ADDED from src\main\AndroidManifest.xml:18:22-73
uses-permission#android.permission.CAMERA
ADDED from src\main\AndroidManifest.xml:21:5-65
	android:name
		ADDED from src\main\AndroidManifest.xml:21:22-62
uses-permission#android.permission.WRITE_EXTERNAL_STORAGE
ADDED from src\main\AndroidManifest.xml:23:5-81
	android:name
		ADDED from src\main\AndroidManifest.xml:23:22-78
uses-permission#android.permission.READ_OWNER_DATA
ADDED from src\main\AndroidManifest.xml:24:5-74
	android:name
		ADDED from src\main\AndroidManifest.xml:24:22-71
uses-permission#android.permission.MOUNT_UNMOUNT_FILESYSTEMS
ADDED from src\main\AndroidManifest.xml:26:5-84
	android:name
		ADDED from src\main\AndroidManifest.xml:26:22-81
application
ADDED from src\main\AndroidManifest.xml:28:5-63:19
MERGED from [com.android.support:support-v4:23.1.1] AndroidManifest.xml:22:5-20
	android:label
		ADDED from src\main\AndroidManifest.xml:32:9-41
	android:allowBackup
		ADDED from src\main\AndroidManifest.xml:29:9-35
	android:icon
		ADDED from src\main\AndroidManifest.xml:31:9-45
	android:theme
		ADDED from src\main\AndroidManifest.xml:33:9-40
	android:name
		ADDED from src\main\AndroidManifest.xml:30:9-51
activity#com.meng.main.activity.MainActivity
ADDED from src\main\AndroidManifest.xml:34:9-43:20
	android:screenOrientation
		ADDED from src\main\AndroidManifest.xml:36:13-49
	android:windowSoftInputMode
		ADDED from src\main\AndroidManifest.xml:37:13-73
	android:name
		ADDED from src\main\AndroidManifest.xml:35:13-63
intent-filter#android.intent.action.MAIN+android.intent.category.LAUNCHER
ADDED from src\main\AndroidManifest.xml:38:13-42:29
action#android.intent.action.MAIN
ADDED from src\main\AndroidManifest.xml:39:17-69
	android:name
		ADDED from src\main\AndroidManifest.xml:39:25-66
category#android.intent.category.LAUNCHER
ADDED from src\main\AndroidManifest.xml:41:17-77
	android:name
		ADDED from src\main\AndroidManifest.xml:41:27-74
activity#com.meng.main.activity.audio.AudioActivity
ADDED from src\main\AndroidManifest.xml:44:9-47:20
	android:screenOrientation
		ADDED from src\main\AndroidManifest.xml:46:13-49
	android:name
		ADDED from src\main\AndroidManifest.xml:45:13-70
activity#com.meng.main.activity.video.VideoActivity
ADDED from src\main\AndroidManifest.xml:48:9-51:20
	android:screenOrientation
		ADDED from src\main\AndroidManifest.xml:50:13-49
	android:name
		ADDED from src\main\AndroidManifest.xml:49:13-70
activity#com.meng.main.activity.image.ImageActivity
ADDED from src\main\AndroidManifest.xml:52:9-55:20
	android:screenOrientation
		ADDED from src\main\AndroidManifest.xml:54:13-49
	android:name
		ADDED from src\main\AndroidManifest.xml:53:13-70
activity#com.meng.main.activity.video.PlayVideoActivity
ADDED from src\main\AndroidManifest.xml:57:9-60:20
	android:screenOrientation
		ADDED from src\main\AndroidManifest.xml:59:13-49
	android:name
		ADDED from src\main\AndroidManifest.xml:58:13-74